ERROR: Unable to locate a modulefile for 'quantum-espresso'

     Program PHONON v.7.3 starts on 11Nov2025 at  1:59:21 

     This program is part of the open-source Quantum ESPRESSO suite
     for quantum simulation of materials; please cite
         "P. Giannozzi et al., J. Phys.:Condens. Matter 21 395502 (2009);
         "P. Giannozzi et al., J. Phys.:Condens. Matter 29 465901 (2017);
         "P. Giannozzi et al., J. Chem. Phys. 152 154105 (2020);
          URL http://www.quantum-espresso.org", 
     in publications or presentations arising from this work. More details at
     http://www.quantum-espresso.org/quote

     Parallel version (MPI & OpenMP), running on       1 processor cores
     Number of MPI processes:                 1
     Threads/MPI process:                     1

     MPI processes distributed on     1 nodes
     49513 MiB available memory on the printing compute node when the environment starts

     Reading input from ph.in
      Title line not specified: using 'default'.

     Reading xml data from directory:

     /shared/home/lun364/ap275_final_project_2025/UOTe_phonon/tmp/UOTe.save/

     Subspace diagonalization in iterative solution of the eigenvalue problem:
     a serial algorithm will be used

     file U.paw.z_14.ld1.uni-marburg.v0.upf: wavefunction(s)  6D 5F renormalized
     file O.pbe-n-kjpaw_psl.0.1.UPF: wavefunction(s)  2P renormalized
     file Te.pbe-n-kjpaw_psl.1.0.0.UPF: wavefunction(s)  5S 5P renormalized

     IMPORTANT: XC functional enforced from input :
     Exchange-correlation= PBE
                           (   1   4   3   4   0   0   0)
     Any further DFT definition will be discarded
     Please, verify this is what you really want


     G-vector sticks info
     --------------------
     sticks:   dense  smooth     PW     G-vecs:    dense   smooth      PW
     Sum         973     657    193                49231    26813    4497

     Using Slab Decomposition


     Check: negative core charge=   -0.000008
     Reading collected, re-writing distributed wavefunctions in /shared/home/lun364/ap275_final_project_2025/UOTe_phonon/tmp/


     Dynamical matrices for ( 1, 1, 1)  uniform grid of q-points
     (   1 q-points):
       N         xq(1)         xq(2)         xq(3) 
       1   0.000000000   0.000000000   0.000000000

     Number and degeneracy of irreps per q-point
       N         xq(1)         xq(2)         xq(3)   N irreps
       1   0.000000000   0.000000000   0.000000000      36
     No degeneracy

     Calculation of q =    0.0000000   0.0000000   0.0000000

     default                                                                    

     bravais-lattice index     =            0
     lattice parameter (alat)  =       7.6534  a.u.
     unit-cell volume          =     957.4647 (a.u.)^3
     number of atoms/cell      =           12
     number of atomic types    =            3
     kinetic-energy cut-off    =      35.0000  Ry
     charge density cut-off    =     210.0000  Ry
     convergence threshold     =      1.0E-07
     beta                      =       0.7000
     number of iterations used =            4
     Exchange-correlation= PBE
                           (   1   4   3   4   0   0   0)


     celldm(1)=    7.65339  celldm(2)=    0.00000  celldm(3)=    0.00000
     celldm(4)=    0.00000  celldm(5)=    0.00000  celldm(6)=    0.00000

     crystal axes: (cart. coord. in units of alat)
               a(1) = (  1.0000  0.0000  0.0000 )  
               a(2) = (  0.0000  1.0000  0.0000 )  
               a(3) = (  0.0000  0.0000  2.1358 )  

     reciprocal axes: (cart. coord. in units 2 pi/alat)
               b(1) = (  1.0000  0.0000  0.0000 )  
               b(2) = (  0.0000  1.0000  0.0000 )  
               b(3) = (  0.0000  0.0000  0.4682 )  


     Atoms inside the unit cell: 

     Cartesian axes

     site n.  atom      mass           positions (alat units)
        1  U     238.0289   tau(    1) = (    0.75000    0.75000    0.36183  )
        2  U     238.0289   tau(    2) = (    0.25000    0.25000    1.77397  )
        3  U     238.0289   tau(    3) = (    0.25000    0.25000    0.70607  )
        4  U     238.0289   tau(    4) = (    0.75000    0.75000    1.42974  )
        5  Te    127.6000   tau(    5) = (    0.75000    0.75000    1.98011  )
        6  Te    127.6000   tau(    6) = (    0.75000    0.75000    0.91221  )
        7  Te    127.6000   tau(    7) = (    0.25000    0.25000    0.15569  )
        8  Te    127.6000   tau(    8) = (    0.25000    0.25000    1.22359  )
        9  O      15.9990   tau(    9) = (    0.75000    0.25000    1.60185  )
       10  O      15.9990   tau(   10) = (    0.75000    0.25000    0.53395  )
       11  O      15.9990   tau(   11) = (    0.25000    0.75000    1.60185  )
       12  O      15.9990   tau(   12) = (    0.25000    0.75000    0.53395  )

     Computing dynamical matrix for 
                    q = (   0.0000000   0.0000000   0.0000000 )

      5 Sym.Ops. (with q -> -q+G )


     G cutoff =  311.5784  (  49231 G-vectors)     FFT grid: ( 36, 36, 75)
     G cutoff =  207.7189  (  26813 G-vectors)  smooth grid: ( 30, 30, 64)

     number of k points=    24  Methfessel-Paxton smearing, width (Ry)=  0.0200

     PseudoPot. # 1 for U  read from file:
     /shared/home/lun364/ap275_final_project_2025/U.paw.z_14.ld1.uni-marburg.v0.upf
     MD5 check sum: 0343693cc166857ace12183ecb4b0f49
     Pseudo is Projector augmented-wave + core cor, Zval = 14.0
     Generated using &quot;atomic&quot; code by A. Dal Corso  v.6.3MaX
     Shape of augmentation charge: PSQ
     Using radial grid of 1291 points,  8 beta functions with: 
                l(1) =   0
                l(2) =   0
                l(3) =   1
                l(4) =   1
                l(5) =   2
                l(6) =   2
                l(7) =   3
                l(8) =   3
     Q(r) pseudized with 0 coefficients 


     PseudoPot. # 2 for O  read from file:
     /shared/home/lun364/ap275_final_project_2025/O.pbe-n-kjpaw_psl.0.1.UPF
     MD5 check sum: 0234752ac141de4415c5fc33072bef88
     Pseudo is Projector augmented-wave + core cor, Zval =  6.0
     Generated using "atomic" code by A. Dal Corso  v.5.0.99 svn rev. 10869
     Shape of augmentation charge: BESSEL
     Using radial grid of 1095 points,  4 beta functions with: 
                l(1) =   0
                l(2) =   0
                l(3) =   1
                l(4) =   1
     Q(r) pseudized with 0 coefficients 


     PseudoPot. # 3 for Te read from file:
     /shared/home/lun364/ap275_final_project_2025/Te.pbe-n-kjpaw_psl.1.0.0.UPF
     MD5 check sum: db3411ca20cbe840ebfd485f3ecc492d
     Pseudo is Projector augmented-wave + core cor, Zval =  6.0
     Generated using &quot;atomic&quot; code by A. Dal Corso  v.6.3
     Shape of augmentation charge: PSQ
     Using radial grid of 1245 points,  6 beta functions with: 
                l(1) =   0
                l(2) =   0
                l(3) =   1
                l(4) =   1
                l(5) =   2
                l(6) =   2
     Q(r) pseudized with 0 coefficients 


     Mode symmetry, C_2h (2/m)  point group:


     Atomic displacements:
     There are   36 irreducible representations

     Representation     1      1 modes -  To be done

     Representation     2      1 modes -  To be done

     Representation     3      1 modes -  To be done

     Representation     4      1 modes -  To be done

     Representation     5      1 modes -  To be done

     Representation     6      1 modes -  To be done

     Representation     7      1 modes -  To be done

     Representation     8      1 modes -  To be done

     Representation     9      1 modes -  To be done

     Representation    10      1 modes -  To be done

     Representation    11      1 modes -  To be done

     Representation    12      1 modes -  To be done

     Representation    13      1 modes -  To be done

     Representation    14      1 modes -  To be done

     Representation    15      1 modes -  To be done

     Representation    16      1 modes -  To be done

     Representation    17      1 modes -  To be done

     Representation    18      1 modes -  To be done

     Representation    19      1 modes -  To be done

     Representation    20      1 modes -  To be done

     Representation    21      1 modes -  To be done

     Representation    22      1 modes -  To be done

     Representation    23      1 modes -  To be done

     Representation    24      1 modes -  To be done

     Representation    25      1 modes -  To be done

     Representation    26      1 modes -  To be done

     Representation    27      1 modes -  To be done

     Representation    28      1 modes -  To be done

     Representation    29      1 modes -  To be done

     Representation    30      1 modes -  To be done

     Representation    31      1 modes -  To be done

     Representation    32      1 modes -  To be done

     Representation    33      1 modes -  To be done

     Representation    34      1 modes -  To be done

     Representation    35      1 modes -  To be done

     Representation    36      1 modes -  To be done



     Alpha used in Ewald sum =   1.8000

     Reading Grimme-D3 Hessian from file: /shared/home/lun364/ap275_final_project_2025/UOTe_phonon/tmp/UOTe.hess

     Number of cells replicated along each semiaxis:   13  13   6
     Number of cells in the supercell:      9477
     Number of atoms in the supercell:    113724
     Hessian allocation dimension:  12282192

     Grimme-D3 Hessian read 

     Computing dynamical matrix for q:     0.000000    0.000000    0.000000

     Writing Hessian on file dynamical.false.dat

     Dynamical matrix computed
     PHONON       :   4m10.48s CPU   4m12.17s WALL



     Representation #   1 mode #   1

     Self-consistent Calculation

     Pert. #  1: Fermi energy shift (Ry) =    -3.4015E-02     6.6174E-23

      iter #   1 total cpu time :   307.5 secs   av.it.:  11.0
      thresh= 1.000E-02 alpha_mix =  0.700 |ddv_scf|^2 =  1.706E-04

     Pert. #  1: Fermi energy shift (Ry) =     6.5145E-02    -3.7058E-22

      iter #   2 total cpu time :   391.4 secs   av.it.:  23.8
      thresh= 1.306E-03 alpha_mix =  0.700 |ddv_scf|^2 =  6.679E-02

     Pert. #  1: Fermi energy shift (Ry) =     5.4350E-02     5.2940E-22

      iter #   3 total cpu time :   459.9 secs   av.it.:  18.0
      thresh= 1.000E-02 alpha_mix =  0.700 |ddv_scf|^2 =  8.365E-06

     Pert. #  1: Fermi energy shift (Ry) =    -1.0147E-01    -9.9262E-24

      iter #   4 total cpu time :   539.2 secs   av.it.:  22.2
      thresh= 2.892E-04 alpha_mix =  0.700 |ddv_scf|^2 =  1.078E-05

     Pert. #  1: Fermi energy shift (Ry) =    -1.4439E-02    -4.5495E-24

      iter #   5 total cpu time :   612.9 secs   av.it.:  20.2
      thresh= 3.283E-04 alpha_mix =  0.700 |ddv_scf|^2 =  1.101E-06

     Pert. #  1: Fermi energy shift (Ry) =     4.6846E-04    -9.3058E-25

      iter #   6 total cpu time :   684.6 secs   av.it.:  19.1
      thresh= 1.049E-04 alpha_mix =  0.700 |ddv_scf|^2 =  3.737E-07

     Pert. #  1: Fermi energy shift (Ry) =    -6.0758E-03    -1.8612E-24

      iter #   7 total cpu time :   753.7 secs   av.it.:  18.3
      thresh= 6.113E-05 alpha_mix =  0.700 |ddv_scf|^2 =  4.930E-09

     End of self-consistent calculation

     Convergence has been achieved 


     Representation #   2 mode #   2

     Self-consistent Calculation

     Pert. #  1: Fermi energy shift (Ry) =    -8.7061E-02    -1.6544E-24

      iter #   1 total cpu time :   821.4 secs   av.it.:  14.5
      thresh= 1.000E-02 alpha_mix =  0.700 |ddv_scf|^2 =  8.974E-04

     Pert. #  1: Fermi energy shift (Ry) =     2.4854E-01    -1.0588E-22

      iter #   2 total cpu time :   905.3 secs   av.it.:  23.8
      thresh= 2.996E-03 alpha_mix =  0.700 |ddv_scf|^2 =  2.627E-01

     Pert. #  1: Fermi energy shift (Ry) =     2.0396E-01    -1.3235E-23

      iter #   3 total cpu time :   979.8 secs   av.it.:  20.1
      thresh= 1.000E-02 alpha_mix =  0.700 |ddv_scf|^2 =  4.022E-03

     Pert. #  1: Fermi energy shift (Ry) =    -4.8227E-02    -2.6470E-23

      iter #   4 total cpu time :  1050.4 secs   av.it.:  18.8
      thresh= 6.342E-03 alpha_mix =  0.700 |ddv_scf|^2 =  2.007E-03

     Pert. #  1: Fermi energy shift (Ry) =    -1.0853E-01     6.6174E-24

      iter #   5 total cpu time :  1117.5 secs   av.it.:  17.4
      thresh= 4.480E-03 alpha_mix =  0.700 |ddv_scf|^2 =  4.917E-05

     Pert. #  1: Fermi energy shift (Ry) =     3.8226E-02     4.1359E-25

      iter #   6 total cpu time :  1190.4 secs   av.it.:  19.8
      thresh= 7.012E-04 alpha_mix =  0.700 |ddv_scf|^2 =  1.627E-07

     Pert. #  1: Fermi energy shift (Ry) =    -9.6624E-03     1.0340E-25

      iter #   7 total cpu time :  1272.3 secs   av.it.:  23.1
      thresh= 4.033E-05 alpha_mix =  0.700 |ddv_scf|^2 =  3.886E-08

     End of self-consistent calculation

     Convergence has been achieved 


     Representation #   3 mode #   3

     Self-consistent Calculation

     Pert. #  1: Fermi energy shift (Ry) =    -1.1334E-01    -6.6174E-24

      iter #   1 total cpu time :  1340.8 secs   av.it.:  14.6
      thresh= 1.000E-02 alpha_mix =  0.700 |ddv_scf|^2 =  1.515E-03

     Pert. #  1: Fermi energy shift (Ry) =     3.2222E-01    -1.0588E-22

      iter #   2 total cpu time :  1424.1 secs   av.it.:  23.5
      thresh= 3.892E-03 alpha_mix =  0.700 |ddv_scf|^2 =  4.451E-01

     Pert. #  1: Fermi energy shift (Ry) =     2.6630E-01     5.2940E-23

      iter #   3 total cpu time :  1500.2 secs   av.it.:  20.8
      thresh= 1.000E-02 alpha_mix =  0.700 |ddv_scf|^2 =  6.773E-03

     Pert. #  1: Fermi energy shift (Ry) =    -6.1433E-02    -1.3235E-23

      iter #   4 total cpu time :  1570.2 secs   av.it.:  18.6
      thresh= 8.230E-03 alpha_mix =  0.700 |ddv_scf|^2 =  3.304E-03

     Pert. #  1: Fermi energy shift (Ry) =    -1.5296E-01     1.3235E-23

      iter #   5 total cpu time :  1636.4 secs   av.it.:  17.2
      thresh= 5.748E-03 alpha_mix =  0.700 |ddv_scf|^2 =  5.459E-05

     Pert. #  1: Fermi energy shift (Ry) =     3.9337E-02    -1.6544E-24

      iter #   6 total cpu time :  1708.7 secs   av.it.:  19.5
      thresh= 7.388E-04 alpha_mix =  0.700 |ddv_scf|^2 =  1.775E-07

     Pert. #  1: Fermi energy shift (Ry) =    -1.2435E-02    -4.1359E-25

      iter #   7 total cpu time :  1789.2 secs   av.it.:  22.7
      thresh= 4.213E-05 alpha_mix =  0.700 |ddv_scf|^2 =  2.310E-08

     End of self-consistent calculation

     Convergence has been achieved 


     Representation #   4 mode #   4

     Self-consistent Calculation

     Pert. #  1: Fermi energy shift (Ry) =    -2.6679E-05     0.0000E+00

      iter #   1 total cpu time :  1852.7 secs   av.it.:  13.0
      thresh= 1.000E-02 alpha_mix =  0.700 |ddv_scf|^2 =  8.241E-04

     Pert. #  1: Fermi energy shift (Ry) =     5.3527E-04     0.0000E+00

      iter #   2 total cpu time :  1935.5 secs   av.it.:  23.4
      thresh= 2.871E-03 alpha_mix =  0.700 |ddv_scf|^2 =  2.631E-01

     Pert. #  1: Fermi energy shift (Ry) =    -2.7447E-04     0.0000E+00

      iter #   3 total cpu time :  2009.4 secs   av.it.:  20.0
      thresh= 1.000E-02 alpha_mix =  0.700 |ddv_scf|^2 =  2.229E-03

     Pert. #  1: Fermi energy shift (Ry) =     4.0958E-04     0.0000E+00

      iter #   4 total cpu time :  2079.7 secs   av.it.:  18.8
      thresh= 4.721E-03 alpha_mix =  0.700 |ddv_scf|^2 =  2.531E-03

     Pert. #  1: Fermi energy shift (Ry) =    -1.7774E-04     0.0000E+00

      iter #   5 total cpu time :  2144.6 secs   av.it.:  16.5
      thresh= 5.031E-03 alpha_mix =  0.700 |ddv_scf|^2 =  2.178E-06

     Pert. #  1: Fermi energy shift (Ry) =     1.8314E-04     0.0000E+00

      iter #   6 total cpu time :  2220.9 secs   av.it.:  21.1
      thresh= 1.476E-04 alpha_mix =  0.700 |ddv_scf|^2 =  1.232E-07

     Pert. #  1: Fermi energy shift (Ry) =    -2.5024E-04     0.0000E+00

      iter #   7 total cpu time :  2295.2 secs   av.it.:  20.3
      thresh= 3.510E-05 alpha_mix =  0.700 |ddv_scf|^2 =  4.825E-09

     End of self-consistent calculation

     Convergence has been achieved 


     Representation #   5 mode #   5

     Self-consistent Calculation

     Pert. #  1: Fermi energy shift (Ry) =     5.6207E-06    -1.3235E-23

      iter #   1 total cpu time :  2356.6 secs   av.it.:  12.5
      thresh= 1.000E-02 alpha_mix =  0.700 |ddv_scf|^2 =  1.924E-04

     Pert. #  1: Fermi energy shift (Ry) =    -3.2612E-04     5.2940E-23

      iter #   2 total cpu time :  2441.2 secs   av.it.:  23.8
      thresh= 1.387E-03 alpha_mix =  0.700 |ddv_scf|^2 =  6.015E-02

     Pert. #  1: Fermi energy shift (Ry) =     6.9087E-05    -5.2940E-23

      iter #   3 total cpu time :  2510.6 secs   av.it.:  18.1
      thresh= 1.000E-02 alpha_mix =  0.700 |ddv_scf|^2 =  5.406E-04

     Pert. #  1: Fermi energy shift (Ry) =    -1.4666E-04     1.3235E-23

      iter #   4 total cpu time :  2582.5 secs   av.it.:  19.3
      thresh= 2.325E-03 alpha_mix =  0.700 |ddv_scf|^2 =  5.148E-04

     Pert. #  1: Fermi energy shift (Ry) =     1.0294E-04     6.6174E-24

      iter #   5 total cpu time :  2649.6 secs   av.it.:  17.5
      thresh= 2.269E-03 alpha_mix =  0.700 |ddv_scf|^2 =  2.539E-05

     Pert. #  1: Fermi energy shift (Ry) =    -6.3886E-05    -3.3087E-24

      iter #   6 total cpu time :  2720.3 secs   av.it.:  18.7
      thresh= 5.039E-04 alpha_mix =  0.700 |ddv_scf|^2 =  2.355E-08

     End of self-consistent calculation

     Convergence has been achieved 


     Representation #   6 mode #   6

     Self-consistent Calculation

     Pert. #  1: Fermi energy shift (Ry) =     2.9878E-02     2.3161E-23

      iter #   1 total cpu time :  2778.6 secs   av.it.:  10.9
      thresh= 1.000E-02 alpha_mix =  0.700 |ddv_scf|^2 =  1.318E-04

     Pert. #  1: Fermi energy shift (Ry) =    -5.6658E-02    -1.5882E-22

      iter #   2 total cpu time :  2863.1 secs   av.it.:  23.9
      thresh= 1.148E-03 alpha_mix =  0.700 |ddv_scf|^2 =  5.154E-02

     Pert. #  1: Fermi energy shift (Ry) =    -4.7872E-02     6.6174E-23

      iter #   3 total cpu time :  2931.5 secs   av.it.:  17.6
      thresh= 1.000E-02 alpha_mix =  0.700 |ddv_scf|^2 =  6.750E-06

     Pert. #  1: Fermi energy shift (Ry) =     8.6777E-02    -1.4476E-24

      iter #   4 total cpu time :  3014.3 secs   av.it.:  22.7
      thresh= 2.598E-04 alpha_mix =  0.700 |ddv_scf|^2 =  7.998E-06

     Pert. #  1: Fermi energy shift (Ry) =     1.0566E-02     2.4815E-24

      iter #   5 total cpu time :  3091.5 secs   av.it.:  20.4
      thresh= 2.828E-04 alpha_mix =  0.700 |ddv_scf|^2 =  1.011E-06

     Pert. #  1: Fermi energy shift (Ry) =    -1.9795E-03    -1.6544E-24

      iter #   6 total cpu time :  3169.0 secs   av.it.:  19.6
      thresh= 1.005E-04 alpha_mix =  0.700 |ddv_scf|^2 =  4.557E-07

     Pert. #  1: Fermi energy shift (Ry) =     5.6864E-03    -6.2039E-25

      iter #   7 total cpu time :  3238.8 secs   av.it.:  18.2
      thresh= 6.750E-05 alpha_mix =  0.700 |ddv_scf|^2 =  4.646E-09

     End of self-consistent calculation

     Convergence has been achieved 


     Representation #   7 mode #   7

     Self-consistent Calculation

     Pert. #  1: Fermi energy shift (Ry) =     7.5489E-02    -6.6174E-24

      iter #   1 total cpu time :  3306.0 secs   av.it.:  14.2
      thresh= 1.000E-02 alpha_mix =  0.700 |ddv_scf|^2 =  6.771E-04

     Pert. #  1: Fermi energy shift (Ry) =    -2.1558E-01     5.2940E-23

      iter #   2 total cpu time :  3390.9 secs   av.it.:  23.8
      thresh= 2.602E-03 alpha_mix =  0.700 |ddv_scf|^2 =  1.976E-01

     Pert. #  1: Fermi energy shift (Ry) =    -1.7690E-01     2.6470E-23

      iter #   3 total cpu time :  3466.8 secs   av.it.:  19.9
      thresh= 1.000E-02 alpha_mix =  0.700 |ddv_scf|^2 =  3.045E-03

     Pert. #  1: Fermi energy shift (Ry) =     4.2850E-02     6.6174E-24

      iter #   4 total cpu time :  3539.2 secs   av.it.:  18.8
      thresh= 5.518E-03 alpha_mix =  0.700 |ddv_scf|^2 =  1.540E-03

     Pert. #  1: Fermi energy shift (Ry) =     8.8466E-02    -3.3087E-24

      iter #   5 total cpu time :  3607.8 secs   av.it.:  17.5
      thresh= 3.925E-03 alpha_mix =  0.700 |ddv_scf|^2 =  4.733E-05

     Pert. #  1: Fermi energy shift (Ry) =    -3.6031E-02    -1.6544E-24

      iter #   6 total cpu time :  3682.2 secs   av.it.:  19.6
      thresh= 6.880E-04 alpha_mix =  0.700 |ddv_scf|^2 =  1.515E-07

     Pert. #  1: Fermi energy shift (Ry) =     8.5085E-03    -4.1359E-25

      iter #   7 total cpu time :  3765.1 secs   av.it.:  23.1
      thresh= 3.892E-05 alpha_mix =  0.700 |ddv_scf|^2 =  3.455E-08

     End of self-consistent calculation

     Convergence has been achieved 


     Representation #   8 mode #   8

     Self-consistent Calculation

     Pert. #  1: Fermi energy shift (Ry) =    -1.7454E-02    -1.3235E-23

      iter #   1 total cpu time :  3822.2 secs   av.it.:  10.2
      thresh= 1.000E-02 alpha_mix =  0.700 |ddv_scf|^2 =  4.546E-05

     Pert. #  1: Fermi energy shift (Ry) =     3.3306E-02    -1.3235E-22

      iter #   2 total cpu time :  3908.1 secs   av.it.:  24.2
      thresh= 6.743E-04 alpha_mix =  0.700 |ddv_scf|^2 =  1.760E-02

     Pert. #  1: Fermi energy shift (Ry) =     2.8123E-02     5.2940E-23

      iter #   3 total cpu time :  3971.9 secs   av.it.:  16.3
      thresh= 1.000E-02 alpha_mix =  0.700 |ddv_scf|^2 =  3.155E-06

     Pert. #  1: Fermi energy shift (Ry) =    -4.1776E-02    -2.4815E-24

      iter #   4 total cpu time :  4052.9 secs   av.it.:  22.9
      thresh= 1.776E-04 alpha_mix =  0.700 |ddv_scf|^2 =  2.000E-06

     Pert. #  1: Fermi energy shift (Ry) =    -5.4483E-04    -1.4476E-24

      iter #   5 total cpu time :  4129.4 secs   av.it.:  21.1
      thresh= 1.414E-04 alpha_mix =  0.700 |ddv_scf|^2 =  6.023E-07

     Pert. #  1: Fermi energy shift (Ry) =     2.3277E-03    -1.6544E-24

      iter #   6 total cpu time :  4203.2 secs   av.it.:  20.0
      thresh= 7.760E-05 alpha_mix =  0.700 |ddv_scf|^2 =  2.804E-07

     Pert. #  1: Fermi energy shift (Ry) =    -4.1753E-03    -1.2408E-24

      iter #   7 total cpu time :  4271.8 secs   av.it.:  18.1
      thresh= 5.295E-05 alpha_mix =  0.700 |ddv_scf|^2 =  8.137E-09

     End of self-consistent calculation

     Convergence has been achieved 


     Representation #   9 mode #   9

     Self-consistent Calculation

     Pert. #  1: Fermi energy shift (Ry) =     6.2669E-03     1.3235E-23

      iter #   1 total cpu time :  4325.0 secs   av.it.:   9.2
      thresh= 1.000E-02 alpha_mix =  0.700 |ddv_scf|^2 =  6.454E-06

     Pert. #  1: Fermi energy shift (Ry) =    -1.2285E-02    -1.3235E-23

      iter #   2 total cpu time :  4411.5 secs   av.it.:  24.7
      thresh= 2.540E-04 alpha_mix =  0.700 |ddv_scf|^2 =  2.262E-03

     Pert. #  1: Fermi energy shift (Ry) =    -1.0219E-02     5.2940E-23

      iter #   3 total cpu time :  4473.3 secs   av.it.:  15.4
      thresh= 4.756E-03 alpha_mix =  0.700 |ddv_scf|^2 =  1.849E-06

     Pert. #  1: Fermi energy shift (Ry) =     8.2840E-03    -1.6544E-24

      iter #   4 total cpu time :  4551.8 secs   av.it.:  21.9
      thresh= 1.360E-04 alpha_mix =  0.700 |ddv_scf|^2 =  1.130E-07

     Pert. #  1: Fermi energy shift (Ry) =    -2.1503E-03    -6.2039E-25

      iter #   5 total cpu time :  4632.4 secs   av.it.:  22.6
      thresh= 3.361E-05 alpha_mix =  0.700 |ddv_scf|^2 =  1.464E-07

     Pert. #  1: Fermi energy shift (Ry) =    -5.2147E-04    -8.2718E-25

      iter #   6 total cpu time :  4707.0 secs   av.it.:  20.3
      thresh= 3.826E-05 alpha_mix =  0.700 |ddv_scf|^2 =  9.210E-08

     End of self-consistent calculation

     Convergence has been achieved 


     Representation #  10 mode #  10

     Self-consistent Calculation

     Pert. #  1: Fermi energy shift (Ry) =     4.3656E-06    -1.3235E-23

      iter #   1 total cpu time :  4764.0 secs   av.it.:  10.9
      thresh= 1.000E-02 alpha_mix =  0.700 |ddv_scf|^2 =  1.690E-05

     Pert. #  1: Fermi energy shift (Ry) =    -1.2970E-04     1.3235E-23

      iter #   2 total cpu time :  4849.2 secs   av.it.:  24.0
      thresh= 4.111E-04 alpha_mix =  0.700 |ddv_scf|^2 =  5.058E-03

     Pert. #  1: Fermi energy shift (Ry) =    -6.7966E-07    -3.3087E-24

      iter #   3 total cpu time :  4911.5 secs   av.it.:  15.5
      thresh= 7.112E-03 alpha_mix =  0.700 |ddv_scf|^2 =  4.817E-05

     Pert. #  1: Fermi energy shift (Ry) =    -4.2487E-05     3.3087E-24

      iter #   4 total cpu time :  4984.5 secs   av.it.:  19.6
      thresh= 6.941E-04 alpha_mix =  0.700 |ddv_scf|^2 =  7.152E-05

     Pert. #  1: Fermi energy shift (Ry) =     3.2159E-05    -3.3087E-24

      iter #   5 total cpu time :  5051.1 secs   av.it.:  17.3
      thresh= 8.457E-04 alpha_mix =  0.700 |ddv_scf|^2 =  1.603E-06

     Pert. #  1: Fermi energy shift (Ry) =    -2.7479E-05    -4.1359E-25

      iter #   6 total cpu time :  5122.5 secs   av.it.:  19.1
      thresh= 1.266E-04 alpha_mix =  0.700 |ddv_scf|^2 =  8.935E-09

     End of self-consistent calculation

     Convergence has been achieved 


     Representation #  11 mode #  11

     Self-consistent Calculation

     Pert. #  1: Fermi energy shift (Ry) =     2.0317E-02     2.6470E-23

      iter #   1 total cpu time :  5185.6 secs   av.it.:  12.8
      thresh= 1.000E-02 alpha_mix =  0.700 |ddv_scf|^2 =  5.759E-05

     Pert. #  1: Fermi energy shift (Ry) =    -5.8099E-02    -6.6174E-23

      iter #   2 total cpu time :  5271.9 secs   av.it.:  24.5
      thresh= 7.589E-04 alpha_mix =  0.700 |ddv_scf|^2 =  1.440E-02

     Pert. #  1: Fermi energy shift (Ry) =    -4.7809E-02     1.5882E-22

      iter #   3 total cpu time :  5336.1 secs   av.it.:  16.3
      thresh= 1.000E-02 alpha_mix =  0.700 |ddv_scf|^2 =  3.143E-04

     Pert. #  1: Fermi energy shift (Ry) =     1.6247E-02    -8.2718E-24

      iter #   4 total cpu time :  5408.8 secs   av.it.:  19.5
      thresh= 1.773E-03 alpha_mix =  0.700 |ddv_scf|^2 =  1.545E-04

     Pert. #  1: Fermi energy shift (Ry) =     6.1086E-03     6.2039E-25

      iter #   5 total cpu time :  5477.8 secs   av.it.:  18.2
      thresh= 1.243E-03 alpha_mix =  0.700 |ddv_scf|^2 =  2.181E-05

     Pert. #  1: Fermi energy shift (Ry) =    -1.1627E-02    -2.4815E-24

      iter #   6 total cpu time :  5546.9 secs   av.it.:  18.2
      thresh= 4.670E-04 alpha_mix =  0.700 |ddv_scf|^2 =  4.661E-08

     End of self-consistent calculation

     Convergence has been achieved 


     Representation #  12 mode #  12

     Self-consistent Calculation

     Pert. #  1: Fermi energy shift (Ry) =     6.7763E-21     5.8775E-39

      iter #   1 total cpu time :  5603.7 secs   av.it.:  10.8
      thresh= 1.000E-02 alpha_mix =  0.700 |ddv_scf|^2 =  5.480E-06

     Pert. #  1: Fermi energy shift (Ry) =    -2.7105E-20     1.8367E-40

      iter #   2 total cpu time :  5683.4 secs   av.it.:  22.3
      thresh= 2.341E-04 alpha_mix =  0.700 |ddv_scf|^2 =  9.526E-06

     Pert. #  1: Fermi energy shift (Ry) =     1.3553E-20    -3.6734E-40

      iter #   3 total cpu time :  5756.8 secs   av.it.:  19.8
      thresh= 3.086E-04 alpha_mix =  0.700 |ddv_scf|^2 =  1.650E-08

     End of self-consistent calculation

     Convergence has been achieved 


     Representation #  13 mode #  13

     Self-consistent Calculation

     Pert. #  1: Fermi energy shift (Ry) =    -5.4210E-20     5.8775E-39

      iter #   1 total cpu time :  5817.5 secs   av.it.:  11.8
      thresh= 1.000E-02 alpha_mix =  0.700 |ddv_scf|^2 =  8.990E-06

     Pert. #  1: Fermi energy shift (Ry) =     1.0842E-19     1.4694E-39

      iter #   2 total cpu time :  5899.1 secs   av.it.:  23.0
      thresh= 2.998E-04 alpha_mix =  0.700 |ddv_scf|^2 =  1.646E-05

     Pert. #  1: Fermi energy shift (Ry) =     1.6941E-21     7.3468E-40

      iter #   3 total cpu time :  5973.6 secs   av.it.:  20.3
      thresh= 4.057E-04 alpha_mix =  0.700 |ddv_scf|^2 =  5.804E-08

     End of self-consistent calculation

     Convergence has been achieved 


     Representation #  14 mode #  14

     Self-consistent Calculation

     Pert. #  1: Fermi energy shift (Ry) =     0.0000E+00     0.0000E+00

      iter #   1 total cpu time :  6025.1 secs   av.it.:   8.6
      thresh= 1.000E-02 alpha_mix =  0.700 |ddv_scf|^2 =  7.010E-07

     Pert. #  1: Fermi energy shift (Ry) =     0.0000E+00     0.0000E+00

      iter #   2 total cpu time :  6106.0 secs   av.it.:  22.7
      thresh= 8.373E-05 alpha_mix =  0.700 |ddv_scf|^2 =  1.038E-06

     Pert. #  1: Fermi energy shift (Ry) =     0.0000E+00     0.0000E+00

      iter #   3 total cpu time :  6181.5 secs   av.it.:  20.8
      thresh= 1.019E-04 alpha_mix =  0.700 |ddv_scf|^2 =  9.017E-09

     End of self-consistent calculation

     Convergence has been achieved 


     Representation #  15 mode #  15

     Self-consistent Calculation

     Pert. #  1: Fermi energy shift (Ry) =     0.0000E+00     0.0000E+00

      iter #   1 total cpu time :  6236.1 secs   av.it.:   9.9
      thresh= 1.000E-02 alpha_mix =  0.700 |ddv_scf|^2 =  1.168E-06

     Pert. #  1: Fermi energy shift (Ry) =     0.0000E+00     0.0000E+00

      iter #   2 total cpu time :  6315.8 secs   av.it.:  22.3
      thresh= 1.081E-04 alpha_mix =  0.700 |ddv_scf|^2 =  2.561E-07

     Pert. #  1: Fermi energy shift (Ry) =     0.0000E+00     0.0000E+00

      iter #   3 total cpu time :  6397.1 secs   av.it.:  22.8
      thresh= 5.060E-05 alpha_mix =  0.700 |ddv_scf|^2 =  6.143E-08

     End of self-consistent calculation

     Convergence has been achieved 


     Representation #  16 mode #  16

     Self-consistent Calculation

     Pert. #  1: Fermi energy shift (Ry) =     0.0000E+00     0.0000E+00

      iter #   1 total cpu time :  6457.6 secs   av.it.:  11.9
      thresh= 1.000E-02 alpha_mix =  0.700 |ddv_scf|^2 =  8.986E-06

     Pert. #  1: Fermi energy shift (Ry) =     0.0000E+00     0.0000E+00

      iter #   2 total cpu time :  6538.4 secs   av.it.:  23.0
      thresh= 2.998E-04 alpha_mix =  0.700 |ddv_scf|^2 =  1.645E-05

     Pert. #  1: Fermi energy shift (Ry) =     0.0000E+00     0.0000E+00

      iter #   3 total cpu time :  6612.8 secs   av.it.:  20.3
      thresh= 4.056E-04 alpha_mix =  0.700 |ddv_scf|^2 =  5.816E-08

     End of self-consistent calculation

     Convergence has been achieved 


     Representation #  17 mode #  17

     Self-consistent Calculation

     Pert. #  1: Fermi energy shift (Ry) =     0.0000E+00     0.0000E+00

      iter #   1 total cpu time :  6666.6 secs   av.it.:   9.8
      thresh= 1.000E-02 alpha_mix =  0.700 |ddv_scf|^2 =  9.013E-07

     Pert. #  1: Fermi energy shift (Ry) =     0.0000E+00     0.0000E+00

      iter #   2 total cpu time :  6745.2 secs   av.it.:  22.1
      thresh= 9.494E-05 alpha_mix =  0.700 |ddv_scf|^2 =  1.191E-07

     Pert. #  1: Fermi energy shift (Ry) =     0.0000E+00     0.0000E+00

      iter #   3 total cpu time :  6824.8 secs   av.it.:  22.4
      thresh= 3.451E-05 alpha_mix =  0.700 |ddv_scf|^2 =  1.020E-08

     End of self-consistent calculation

     Convergence has been achieved 


     Representation #  18 mode #  18

     Self-consistent Calculation

     Pert. #  1: Fermi energy shift (Ry) =     0.0000E+00     0.0000E+00

      iter #   1 total cpu time :  6876.2 secs   av.it.:   8.6
      thresh= 1.000E-02 alpha_mix =  0.700 |ddv_scf|^2 =  7.007E-07

     Pert. #  1: Fermi energy shift (Ry) =     0.0000E+00     0.0000E+00

      iter #   2 total cpu time :  6957.0 secs   av.it.:  22.6
      thresh= 8.371E-05 alpha_mix =  0.700 |ddv_scf|^2 =  1.037E-06

     Pert. #  1: Fermi energy shift (Ry) =     0.0000E+00     0.0000E+00

      iter #   3 total cpu time :  7032.5 secs   av.it.:  20.6
      thresh= 1.018E-04 alpha_mix =  0.700 |ddv_scf|^2 =  9.031E-09

     End of self-consistent calculation

     Convergence has been achieved 


     Representation #  19 mode #  19

     Self-consistent Calculation

     Pert. #  1: Fermi energy shift (Ry) =    -6.6174E-24     4.7020E-38

      iter #   1 total cpu time :  7089.2 secs   av.it.:  10.8
      thresh= 1.000E-02 alpha_mix =  0.700 |ddv_scf|^2 =  1.643E-06

     Pert. #  1: Fermi energy shift (Ry) =     2.6470E-23    -9.1835E-41

      iter #   2 total cpu time :  7171.8 secs   av.it.:  23.4
      thresh= 1.282E-04 alpha_mix =  0.700 |ddv_scf|^2 =  9.876E-07

     Pert. #  1: Fermi energy shift (Ry) =     6.6174E-24    -1.4694E-39

      iter #   3 total cpu time :  7250.9 secs   av.it.:  22.0
      thresh= 9.938E-05 alpha_mix =  0.700 |ddv_scf|^2 =  5.588E-08

     End of self-consistent calculation

     Convergence has been achieved 


     Representation #  20 mode #  20

     Self-consistent Calculation

     Pert. #  1: Fermi energy shift (Ry) =     0.0000E+00     0.0000E+00

      iter #   1 total cpu time :  7311.0 secs   av.it.:  11.8
      thresh= 1.000E-02 alpha_mix =  0.700 |ddv_scf|^2 =  5.745E-06

     Pert. #  1: Fermi energy shift (Ry) =     0.0000E+00     0.0000E+00

      iter #   2 total cpu time :  7392.2 secs   av.it.:  22.9
      thresh= 2.397E-04 alpha_mix =  0.700 |ddv_scf|^2 =  7.999E-06

     Pert. #  1: Fermi energy shift (Ry) =     0.0000E+00     0.0000E+00

      iter #   3 total cpu time :  7467.0 secs   av.it.:  20.5
      thresh= 2.828E-04 alpha_mix =  0.700 |ddv_scf|^2 =  3.230E-08

     End of self-consistent calculation

     Convergence has been achieved 


     Representation #  21 mode #  21

     Self-consistent Calculation

     Pert. #  1: Fermi energy shift (Ry) =    -5.2940E-23    -1.1755E-38

      iter #   1 total cpu time :  7524.3 secs   av.it.:  10.9
      thresh= 1.000E-02 alpha_mix =  0.700 |ddv_scf|^2 =  3.241E-06

     Pert. #  1: Fermi energy shift (Ry) =     0.0000E+00    -1.8367E-40

      iter #   2 total cpu time :  7605.9 secs   av.it.:  23.1
      thresh= 1.800E-04 alpha_mix =  0.700 |ddv_scf|^2 =  3.624E-06

     Pert. #  1: Fermi energy shift (Ry) =     0.0000E+00    -5.7397E-42

      iter #   3 total cpu time :  7682.1 secs   av.it.:  21.0
      thresh= 1.904E-04 alpha_mix =  0.700 |ddv_scf|^2 =  3.090E-08

     End of self-consistent calculation

     Convergence has been achieved 


     Representation #  22 mode #  22

     Self-consistent Calculation

     Pert. #  1: Fermi energy shift (Ry) =     6.6174E-24     5.8775E-39

      iter #   1 total cpu time :  7729.0 secs   av.it.:   7.0
      thresh= 1.000E-02 alpha_mix =  0.700 |ddv_scf|^2 =  9.293E-08

     End of self-consistent calculation

     Convergence has been achieved 


     Representation #  23 mode #  23

     Self-consistent Calculation

     Pert. #  1: Fermi energy shift (Ry) =    -2.6470E-23    -9.4040E-38

      iter #   1 total cpu time :  7775.8 secs   av.it.:   7.0
      thresh= 1.000E-02 alpha_mix =  0.700 |ddv_scf|^2 =  9.294E-08

     End of self-consistent calculation

     Convergence has been achieved 


     Representation #  24 mode #  24

     Self-consistent Calculation

     Pert. #  1: Fermi energy shift (Ry) =     0.0000E+00     0.0000E+00

      iter #   1 total cpu time :  7835.6 secs   av.it.:  11.8
      thresh= 1.000E-02 alpha_mix =  0.700 |ddv_scf|^2 =  5.743E-06

     Pert. #  1: Fermi energy shift (Ry) =     0.0000E+00     0.0000E+00

      iter #   2 total cpu time :  7916.9 secs   av.it.:  22.9
      thresh= 2.397E-04 alpha_mix =  0.700 |ddv_scf|^2 =  7.995E-06

     Pert. #  1: Fermi energy shift (Ry) =     0.0000E+00     0.0000E+00

      iter #   3 total cpu time :  7991.8 secs   av.it.:  20.5
      thresh= 2.827E-04 alpha_mix =  0.700 |ddv_scf|^2 =  3.234E-08

     End of self-consistent calculation

     Convergence has been achieved 


     Representation #  25 mode #  25

     Self-consistent Calculation

     Pert. #  1: Fermi energy shift (Ry) =    -3.3087E-24     0.0000E+00

      iter #   1 total cpu time :  8049.2 secs   av.it.:  10.8
      thresh= 1.000E-02 alpha_mix =  0.700 |ddv_scf|^2 =  2.230E-06

     Pert. #  1: Fermi energy shift (Ry) =     2.6470E-23     0.0000E+00

      iter #   2 total cpu time :  8132.6 secs   av.it.:  23.3
      thresh= 1.493E-04 alpha_mix =  0.700 |ddv_scf|^2 =  2.130E-06

     Pert. #  1: Fermi energy shift (Ry) =    -3.3087E-24     0.0000E+00

      iter #   3 total cpu time :  8209.6 secs   av.it.:  21.2
      thresh= 1.459E-04 alpha_mix =  0.700 |ddv_scf|^2 =  3.941E-08

     End of self-consistent calculation

     Convergence has been achieved 


     Representation #  26 mode #  26

     Self-consistent Calculation

     Pert. #  1: Fermi energy shift (Ry) =    -3.3087E-24     4.7020E-38

      iter #   1 total cpu time :  8271.2 secs   av.it.:  12.2
      thresh= 1.000E-02 alpha_mix =  0.700 |ddv_scf|^2 =  3.346E-05

     Pert. #  1: Fermi energy shift (Ry) =     2.1176E-22     0.0000E+00

      iter #   2 total cpu time :  8358.1 secs   av.it.:  24.7
      thresh= 5.784E-04 alpha_mix =  0.700 |ddv_scf|^2 =  3.268E-02

     Pert. #  1: Fermi energy shift (Ry) =    -2.1176E-22     9.4040E-38

      iter #   3 total cpu time :  8419.5 secs   av.it.:  15.3
      thresh= 1.000E-02 alpha_mix =  0.700 |ddv_scf|^2 =  9.565E-05

     Pert. #  1: Fermi energy shift (Ry) =    -2.1176E-22    -5.8775E-39

      iter #   4 total cpu time :  8496.5 secs   av.it.:  21.0
      thresh= 9.780E-04 alpha_mix =  0.700 |ddv_scf|^2 =  2.065E-04

     Pert. #  1: Fermi energy shift (Ry) =     1.0588E-22    -2.9387E-39

      iter #   5 total cpu time :  8565.4 secs   av.it.:  18.2
      thresh= 1.437E-03 alpha_mix =  0.700 |ddv_scf|^2 =  2.986E-05

     Pert. #  1: Fermi energy shift (Ry) =    -5.2940E-23     0.0000E+00

      iter #   6 total cpu time :  8637.0 secs   av.it.:  19.1
      thresh= 5.465E-04 alpha_mix =  0.700 |ddv_scf|^2 =  3.308E-05

     Pert. #  1: Fermi energy shift (Ry) =    -2.6470E-23    -2.9387E-39

      iter #   7 total cpu time :  8700.2 secs   av.it.:  16.0
      thresh= 5.752E-04 alpha_mix =  0.700 |ddv_scf|^2 =  1.030E-06

     Pert. #  1: Fermi energy shift (Ry) =    -2.6470E-23     2.9387E-39

      iter #   8 total cpu time :  8767.6 secs   av.it.:  17.7
      thresh= 1.015E-04 alpha_mix =  0.700 |ddv_scf|^2 =  1.202E-08

     End of self-consistent calculation

     Convergence has been achieved 


     Representation #  27 mode #  27

     Self-consistent Calculation

     Pert. #  1: Fermi energy shift (Ry) =     0.0000E+00     0.0000E+00

      iter #   1 total cpu time :  8818.1 secs   av.it.:   8.0
      thresh= 1.000E-02 alpha_mix =  0.700 |ddv_scf|^2 =  2.505E-05

     Pert. #  1: Fermi energy shift (Ry) =     0.0000E+00     0.0000E+00

      iter #   2 total cpu time :  8902.5 secs   av.it.:  23.8
      thresh= 5.005E-04 alpha_mix =  0.700 |ddv_scf|^2 =  3.140E-02

     Pert. #  1: Fermi energy shift (Ry) =     0.0000E+00     0.0000E+00

      iter #   3 total cpu time :  8963.4 secs   av.it.:  14.9
      thresh= 1.000E-02 alpha_mix =  0.700 |ddv_scf|^2 =  4.601E-06

     Pert. #  1: Fermi energy shift (Ry) =     0.0000E+00     0.0000E+00

      iter #   4 total cpu time :  9047.2 secs   av.it.:  23.6
      thresh= 2.145E-04 alpha_mix =  0.700 |ddv_scf|^2 =  1.554E-04

     Pert. #  1: Fermi energy shift (Ry) =     0.0000E+00     0.0000E+00

      iter #   5 total cpu time :  9114.9 secs   av.it.:  17.6
      thresh= 1.247E-03 alpha_mix =  0.700 |ddv_scf|^2 =  2.305E-06

     Pert. #  1: Fermi energy shift (Ry) =     0.0000E+00     0.0000E+00

      iter #   6 total cpu time :  9187.1 secs   av.it.:  19.3
      thresh= 1.518E-04 alpha_mix =  0.700 |ddv_scf|^2 =  9.097E-07

     Pert. #  1: Fermi energy shift (Ry) =     0.0000E+00     0.0000E+00

      iter #   7 total cpu time :  9254.6 secs   av.it.:  17.6
      thresh= 9.538E-05 alpha_mix =  0.700 |ddv_scf|^2 =  9.131E-07

     Pert. #  1: Fermi energy shift (Ry) =     0.0000E+00     0.0000E+00

      iter #   8 total cpu time :  9317.2 secs   av.it.:  15.8
      thresh= 9.556E-05 alpha_mix =  0.700 |ddv_scf|^2 =  1.691E-09

     End of self-consistent calculation

     Convergence has been achieved 


     Representation #  28 mode #  28

     Self-consistent Calculation

     Pert. #  1: Fermi energy shift (Ry) =     5.2940E-23    -7.5232E-37

      iter #   1 total cpu time :  9375.8 secs   av.it.:  11.3
      thresh= 1.000E-02 alpha_mix =  0.700 |ddv_scf|^2 =  8.086E-06

     Pert. #  1: Fermi energy shift (Ry) =    -4.2352E-22    -7.3468E-40

      iter #   2 total cpu time :  9464.2 secs   av.it.:  25.2
      thresh= 2.844E-04 alpha_mix =  0.700 |ddv_scf|^2 =  7.923E-04

     Pert. #  1: Fermi energy shift (Ry) =     1.0588E-22    -1.1755E-38

      iter #   3 total cpu time :  9532.7 secs   av.it.:  18.0
      thresh= 2.815E-03 alpha_mix =  0.700 |ddv_scf|^2 =  1.648E-05

     Pert. #  1: Fermi energy shift (Ry) =     1.3235E-23    -7.3468E-40

      iter #   4 total cpu time :  9608.0 secs   av.it.:  20.6
      thresh= 4.060E-04 alpha_mix =  0.700 |ddv_scf|^2 =  1.752E-05

     Pert. #  1: Fermi energy shift (Ry) =     3.3087E-24    -2.9387E-39

      iter #   5 total cpu time :  9667.3 secs   av.it.:  14.5
      thresh= 4.186E-04 alpha_mix =  0.700 |ddv_scf|^2 =  2.182E-06

     Pert. #  1: Fermi energy shift (Ry) =     6.6174E-24     3.6734E-40

      iter #   6 total cpu time :  9734.8 secs   av.it.:  17.5
      thresh= 1.477E-04 alpha_mix =  0.700 |ddv_scf|^2 =  2.195E-09

     End of self-consistent calculation

     Convergence has been achieved 


     Representation #  29 mode #  29

     Self-consistent Calculation

     Pert. #  1: Fermi energy shift (Ry) =     0.0000E+00     0.0000E+00

      iter #   1 total cpu time :  9794.1 secs   av.it.:  11.6
      thresh= 1.000E-02 alpha_mix =  0.700 |ddv_scf|^2 =  2.121E-05

     Pert. #  1: Fermi energy shift (Ry) =     0.0000E+00     0.0000E+00

      iter #   2 total cpu time :  9881.1 secs   av.it.:  24.8
      thresh= 4.605E-04 alpha_mix =  0.700 |ddv_scf|^2 =  2.650E-03

     Pert. #  1: Fermi energy shift (Ry) =     0.0000E+00     0.0000E+00

      iter #   3 total cpu time :  9949.0 secs   av.it.:  17.9
      thresh= 5.147E-03 alpha_mix =  0.700 |ddv_scf|^2 =  2.521E-05

     Pert. #  1: Fermi energy shift (Ry) =     0.0000E+00     0.0000E+00

      iter #   4 total cpu time : 10024.4 secs   av.it.:  20.5
      thresh= 5.021E-04 alpha_mix =  0.700 |ddv_scf|^2 =  6.205E-05

     Pert. #  1: Fermi energy shift (Ry) =     0.0000E+00     0.0000E+00

      iter #   5 total cpu time : 10082.7 secs   av.it.:  14.0
      thresh= 7.877E-04 alpha_mix =  0.700 |ddv_scf|^2 =  2.132E-06

     Pert. #  1: Fermi energy shift (Ry) =     0.0000E+00     0.0000E+00

      iter #   6 total cpu time : 10151.6 secs   av.it.:  18.2
      thresh= 1.460E-04 alpha_mix =  0.700 |ddv_scf|^2 =  1.697E-08

     End of self-consistent calculation

     Convergence has been achieved 


     Representation #  30 mode #  30

     Self-consistent Calculation

     Pert. #  1: Fermi energy shift (Ry) =    -2.6470E-23    -4.7020E-38

      iter #   1 total cpu time : 10218.3 secs   av.it.:  14.0
      thresh= 1.000E-02 alpha_mix =  0.700 |ddv_scf|^2 =  1.705E-03

     Pert. #  1: Fermi energy shift (Ry) =    -8.4703E-22    -7.3468E-40

      iter #   2 total cpu time : 10302.4 secs   av.it.:  23.7
      thresh= 4.129E-03 alpha_mix =  0.700 |ddv_scf|^2 =  2.002E+00

     Pert. #  1: Fermi energy shift (Ry) =     4.2352E-22     2.9387E-39

      iter #   3 total cpu time : 10378.6 secs   av.it.:  20.7
      thresh= 1.000E-02 alpha_mix =  0.700 |ddv_scf|^2 =  3.301E-03

     Pert. #  1: Fermi energy shift (Ry) =    -1.6941E-21     5.8775E-39

      iter #   4 total cpu time : 10454.7 secs   av.it.:  20.9
      thresh= 5.746E-03 alpha_mix =  0.700 |ddv_scf|^2 =  1.662E-02

     Pert. #  1: Fermi energy shift (Ry) =    -5.2940E-23     1.1755E-38

      iter #   5 total cpu time : 10524.7 secs   av.it.:  18.5
      thresh= 1.000E-02 alpha_mix =  0.700 |ddv_scf|^2 =  7.139E-03

     Pert. #  1: Fermi energy shift (Ry) =     2.6470E-23    -1.1755E-38

      iter #   6 total cpu time : 10588.4 secs   av.it.:  16.3
      thresh= 8.449E-03 alpha_mix =  0.700 |ddv_scf|^2 =  2.666E-04

     Pert. #  1: Fermi energy shift (Ry) =     1.3235E-23    -2.9387E-39

      iter #   7 total cpu time : 10655.9 secs   av.it.:  17.8
      thresh= 1.633E-03 alpha_mix =  0.700 |ddv_scf|^2 =  2.321E-05

     Pert. #  1: Fermi energy shift (Ry) =     2.6470E-23    -7.3468E-40

      iter #   8 total cpu time : 10724.4 secs   av.it.:  18.2
      thresh= 4.818E-04 alpha_mix =  0.700 |ddv_scf|^2 =  2.444E-07

     Pert. #  1: Fermi energy shift (Ry) =     1.3235E-23     9.1835E-41

      iter #   9 total cpu time : 10795.0 secs   av.it.:  18.9
      thresh= 4.943E-05 alpha_mix =  0.700 |ddv_scf|^2 =  5.120E-09

     End of self-consistent calculation

     Convergence has been achieved 


     Representation #  31 mode #  31

     Self-consistent Calculation

     Pert. #  1: Fermi energy shift (Ry) =    -2.6470E-23     2.3510E-38

      iter #   1 total cpu time : 10861.4 secs   av.it.:  14.0
      thresh= 1.000E-02 alpha_mix =  0.700 |ddv_scf|^2 =  1.988E-03

     Pert. #  1: Fermi energy shift (Ry) =     3.3881E-21     5.8775E-39

      iter #   2 total cpu time : 10945.6 secs   av.it.:  23.6
      thresh= 4.459E-03 alpha_mix =  0.700 |ddv_scf|^2 =  2.336E+00

     Pert. #  1: Fermi energy shift (Ry) =     4.2352E-22    -1.1755E-38

      iter #   3 total cpu time : 11022.4 secs   av.it.:  20.9
      thresh= 1.000E-02 alpha_mix =  0.700 |ddv_scf|^2 =  3.858E-03

     Pert. #  1: Fermi energy shift (Ry) =    -3.3881E-21    -2.3510E-38

      iter #   4 total cpu time : 11098.4 secs   av.it.:  20.8
      thresh= 6.211E-03 alpha_mix =  0.700 |ddv_scf|^2 =  1.943E-02

     Pert. #  1: Fermi energy shift (Ry) =     4.2352E-22    -2.3510E-38

      iter #   5 total cpu time : 11169.2 secs   av.it.:  18.9
      thresh= 1.000E-02 alpha_mix =  0.700 |ddv_scf|^2 =  8.406E-03

     Pert. #  1: Fermi energy shift (Ry) =     2.6470E-23     1.1755E-38

      iter #   6 total cpu time : 11232.8 secs   av.it.:  16.2
      thresh= 9.168E-03 alpha_mix =  0.700 |ddv_scf|^2 =  2.786E-04

     Pert. #  1: Fermi energy shift (Ry) =     2.6470E-23     1.4694E-39

      iter #   7 total cpu time : 11300.4 secs   av.it.:  17.8
      thresh= 1.669E-03 alpha_mix =  0.700 |ddv_scf|^2 =  2.492E-05

     Pert. #  1: Fermi energy shift (Ry) =    -1.3235E-23     1.8367E-40

      iter #   8 total cpu time : 11368.9 secs   av.it.:  18.1
      thresh= 4.992E-04 alpha_mix =  0.700 |ddv_scf|^2 =  2.719E-07

     Pert. #  1: Fermi energy shift (Ry) =    -8.2718E-25     3.6734E-40

      iter #   9 total cpu time : 11438.9 secs   av.it.:  18.8
      thresh= 5.214E-05 alpha_mix =  0.700 |ddv_scf|^2 =  5.731E-09

     End of self-consistent calculation

     Convergence has been achieved 


     Representation #  32 mode #  32

     Self-consistent Calculation

     Pert. #  1: Fermi energy shift (Ry) =     1.0588E-22     9.4040E-38

      iter #   1 total cpu time : 11499.1 secs   av.it.:  11.5
      thresh= 1.000E-02 alpha_mix =  0.700 |ddv_scf|^2 =  1.835E-03

     Pert. #  1: Fermi energy shift (Ry) =    -3.3881E-21    -1.1755E-38

      iter #   2 total cpu time : 11582.8 secs   av.it.:  23.5
      thresh= 4.283E-03 alpha_mix =  0.700 |ddv_scf|^2 =  2.308E+00

     Pert. #  1: Fermi energy shift (Ry) =     8.4703E-22     4.7020E-38

      iter #   3 total cpu time : 11659.2 secs   av.it.:  20.8
      thresh= 1.000E-02 alpha_mix =  0.700 |ddv_scf|^2 =  3.175E-04

     Pert. #  1: Fermi energy shift (Ry) =    -3.3881E-21    -1.1755E-38

      iter #   4 total cpu time : 11741.0 secs   av.it.:  22.9
      thresh= 1.782E-03 alpha_mix =  0.700 |ddv_scf|^2 =  1.173E-02

     Pert. #  1: Fermi energy shift (Ry) =     4.2352E-22     4.7020E-38

      iter #   5 total cpu time : 11808.7 secs   av.it.:  17.8
      thresh= 1.000E-02 alpha_mix =  0.700 |ddv_scf|^2 =  1.625E-04

     Pert. #  1: Fermi energy shift (Ry) =     1.0588E-22     5.8775E-39

      iter #   6 total cpu time : 11878.4 secs   av.it.:  18.5
      thresh= 1.275E-03 alpha_mix =  0.700 |ddv_scf|^2 =  1.797E-04

     Pert. #  1: Fermi energy shift (Ry) =    -1.3235E-23    -1.4694E-39

      iter #   7 total cpu time : 11941.8 secs   av.it.:  16.1
      thresh= 1.341E-03 alpha_mix =  0.700 |ddv_scf|^2 =  9.043E-06

     Pert. #  1: Fermi energy shift (Ry) =    -6.6174E-24    -7.3468E-40

      iter #   8 total cpu time : 12008.0 secs   av.it.:  17.1
      thresh= 3.007E-04 alpha_mix =  0.700 |ddv_scf|^2 =  1.368E-07

     Pert. #  1: Fermi energy shift (Ry) =    -3.3087E-24    -1.8367E-40

      iter #   9 total cpu time : 12079.7 secs   av.it.:  19.2
      thresh= 3.699E-05 alpha_mix =  0.700 |ddv_scf|^2 =  1.171E-07

     Pert. #  1: Fermi energy shift (Ry) =    -6.6174E-24    -1.8367E-40

      iter #  10 total cpu time : 12144.3 secs   av.it.:  16.4
      thresh= 3.422E-05 alpha_mix =  0.700 |ddv_scf|^2 =  8.479E-10

     End of self-consistent calculation

     Convergence has been achieved 


     Representation #  33 mode #  33

     Self-consistent Calculation

     Pert. #  1: Fermi energy shift (Ry) =     0.0000E+00     1.1755E-38

      iter #   1 total cpu time : 12204.7 secs   av.it.:  11.5
      thresh= 1.000E-02 alpha_mix =  0.700 |ddv_scf|^2 =  2.027E-03

     Pert. #  1: Fermi energy shift (Ry) =     0.0000E+00     1.1755E-38

      iter #   2 total cpu time : 12288.3 secs   av.it.:  23.5
      thresh= 4.502E-03 alpha_mix =  0.700 |ddv_scf|^2 =  2.549E+00

     Pert. #  1: Fermi energy shift (Ry) =     0.0000E+00    -5.8775E-39

      iter #   3 total cpu time : 12365.0 secs   av.it.:  20.8
      thresh= 1.000E-02 alpha_mix =  0.700 |ddv_scf|^2 =  3.540E-04

     Pert. #  1: Fermi energy shift (Ry) =    -1.6941E-21    -1.4694E-39

      iter #   4 total cpu time : 12446.7 secs   av.it.:  22.8
      thresh= 1.881E-03 alpha_mix =  0.700 |ddv_scf|^2 =  1.310E-02

     Pert. #  1: Fermi energy shift (Ry) =     2.1176E-22     2.3510E-38

      iter #   5 total cpu time : 12515.0 secs   av.it.:  18.0
      thresh= 1.000E-02 alpha_mix =  0.700 |ddv_scf|^2 =  1.804E-04

     Pert. #  1: Fermi energy shift (Ry) =    -2.6470E-23     1.4694E-39

      iter #   6 total cpu time : 12584.7 secs   av.it.:  18.4
      thresh= 1.343E-03 alpha_mix =  0.700 |ddv_scf|^2 =  2.025E-04

     Pert. #  1: Fermi energy shift (Ry) =     1.3235E-23    -7.3468E-40

      iter #   7 total cpu time : 12647.9 secs   av.it.:  16.1
      thresh= 1.423E-03 alpha_mix =  0.700 |ddv_scf|^2 =  9.737E-06

     Pert. #  1: Fermi energy shift (Ry) =     6.6174E-24    -1.8367E-40

      iter #   8 total cpu time : 12713.8 secs   av.it.:  17.0
      thresh= 3.120E-04 alpha_mix =  0.700 |ddv_scf|^2 =  1.414E-07

     Pert. #  1: Fermi energy shift (Ry) =     0.0000E+00    -2.2959E-41

      iter #   9 total cpu time : 12785.6 secs   av.it.:  19.3
      thresh= 3.760E-05 alpha_mix =  0.700 |ddv_scf|^2 =  1.300E-07

     Pert. #  1: Fermi energy shift (Ry) =     0.0000E+00    -2.2959E-41

      iter #  10 total cpu time : 12850.1 secs   av.it.:  16.3
      thresh= 3.605E-05 alpha_mix =  0.700 |ddv_scf|^2 =  9.627E-10

     End of self-consistent calculation

     Convergence has been achieved 


     Representation #  34 mode #  34

     Self-consistent Calculation

     Pert. #  1: Fermi energy shift (Ry) =     0.0000E+00     0.0000E+00

      iter #   1 total cpu time : 12907.3 secs   av.it.:  10.9
      thresh= 1.000E-02 alpha_mix =  0.700 |ddv_scf|^2 =  3.006E-06

     Pert. #  1: Fermi energy shift (Ry) =     0.0000E+00     0.0000E+00

      iter #   2 total cpu time : 12993.9 secs   av.it.:  24.9
      thresh= 1.734E-04 alpha_mix =  0.700 |ddv_scf|^2 =  4.734E-05

     Pert. #  1: Fermi energy shift (Ry) =     0.0000E+00     0.0000E+00

      iter #   3 total cpu time : 13067.6 secs   av.it.:  20.1
      thresh= 6.881E-04 alpha_mix =  0.700 |ddv_scf|^2 =  5.292E-05

     Pert. #  1: Fermi energy shift (Ry) =     0.0000E+00     0.0000E+00

      iter #   4 total cpu time : 13139.3 secs   av.it.:  19.3
      thresh= 7.274E-04 alpha_mix =  0.700 |ddv_scf|^2 =  1.103E-07

     Pert. #  1: Fermi energy shift (Ry) =     0.0000E+00     0.0000E+00

      iter #   5 total cpu time : 13220.8 secs   av.it.:  22.8
      thresh= 3.321E-05 alpha_mix =  0.700 |ddv_scf|^2 =  2.809E-05

     Pert. #  1: Fermi energy shift (Ry) =     0.0000E+00     0.0000E+00

      iter #   6 total cpu time : 13278.9 secs   av.it.:  13.9
      thresh= 5.300E-04 alpha_mix =  0.700 |ddv_scf|^2 =  1.793E-09

     End of self-consistent calculation

     Convergence has been achieved 


     Representation #  35 mode #  35

     Self-consistent Calculation

     Pert. #  1: Fermi energy shift (Ry) =     5.2940E-23    -1.1755E-38

      iter #   1 total cpu time : 13343.2 secs   av.it.:  13.0
      thresh= 1.000E-02 alpha_mix =  0.700 |ddv_scf|^2 =  3.193E-04

     Pert. #  1: Fermi energy shift (Ry) =     0.0000E+00    -1.4694E-39

      iter #   2 total cpu time : 13429.0 secs   av.it.:  24.1
      thresh= 1.787E-03 alpha_mix =  0.700 |ddv_scf|^2 =  3.698E-01

     Pert. #  1: Fermi energy shift (Ry) =     0.0000E+00     5.8775E-39

      iter #   3 total cpu time : 13499.4 secs   av.it.:  18.3
      thresh= 1.000E-02 alpha_mix =  0.700 |ddv_scf|^2 =  6.342E-04

     Pert. #  1: Fermi energy shift (Ry) =     4.2352E-22    -4.5918E-41

      iter #   4 total cpu time : 13576.7 secs   av.it.:  21.2
      thresh= 2.518E-03 alpha_mix =  0.700 |ddv_scf|^2 =  2.924E-03

     Pert. #  1: Fermi energy shift (Ry) =     0.0000E+00    -2.9387E-39

      iter #   5 total cpu time : 13645.6 secs   av.it.:  18.0
      thresh= 5.407E-03 alpha_mix =  0.700 |ddv_scf|^2 =  1.023E-03

     Pert. #  1: Fermi energy shift (Ry) =     0.0000E+00     2.9387E-39

      iter #   6 total cpu time : 13712.5 secs   av.it.:  17.4
      thresh= 3.198E-03 alpha_mix =  0.700 |ddv_scf|^2 =  1.772E-04

     Pert. #  1: Fermi energy shift (Ry) =     0.0000E+00     3.6734E-40

      iter #   7 total cpu time : 13777.7 secs   av.it.:  16.8
      thresh= 1.331E-03 alpha_mix =  0.700 |ddv_scf|^2 =  7.420E-06

     Pert. #  1: Fermi energy shift (Ry) =     6.6174E-24    -1.8367E-40

      iter #   8 total cpu time : 13844.9 secs   av.it.:  17.5
      thresh= 2.724E-04 alpha_mix =  0.700 |ddv_scf|^2 =  6.036E-08

     End of self-consistent calculation

     Convergence has been achieved 


     Representation #  36 mode #  36

     Self-consistent Calculation

     Pert. #  1: Fermi energy shift (Ry) =    -1.3235E-23    -9.4040E-38

      iter #   1 total cpu time : 13899.0 secs   av.it.:   9.2
      thresh= 1.000E-02 alpha_mix =  0.700 |ddv_scf|^2 =  2.188E-04

     Pert. #  1: Fermi energy shift (Ry) =    -4.2352E-22     2.3510E-38

      iter #   2 total cpu time : 13983.0 secs   av.it.:  23.6
      thresh= 1.479E-03 alpha_mix =  0.700 |ddv_scf|^2 =  2.753E-01

     Pert. #  1: Fermi energy shift (Ry) =     5.2940E-23     4.7020E-38

      iter #   3 total cpu time : 14051.5 secs   av.it.:  17.9
      thresh= 1.000E-02 alpha_mix =  0.700 |ddv_scf|^2 =  3.682E-05

     Pert. #  1: Fermi energy shift (Ry) =    -4.2352E-22     2.9387E-39

      iter #   4 total cpu time : 14134.2 secs   av.it.:  23.2
      thresh= 6.068E-04 alpha_mix =  0.700 |ddv_scf|^2 =  1.384E-03

     Pert. #  1: Fermi energy shift (Ry) =     5.2940E-23    -2.3510E-38

      iter #   5 total cpu time : 14201.5 secs   av.it.:  17.3
      thresh= 3.720E-03 alpha_mix =  0.700 |ddv_scf|^2 =  1.783E-05

     Pert. #  1: Fermi energy shift (Ry) =    -6.6174E-24    -2.9387E-39

      iter #   6 total cpu time : 14272.5 secs   av.it.:  19.0
      thresh= 4.223E-04 alpha_mix =  0.700 |ddv_scf|^2 =  1.486E-05

     Pert. #  1: Fermi energy shift (Ry) =    -2.6470E-23    -1.4694E-39

      iter #   7 total cpu time : 14337.3 secs   av.it.:  16.4
      thresh= 3.855E-04 alpha_mix =  0.700 |ddv_scf|^2 =  2.862E-06

     Pert. #  1: Fermi energy shift (Ry) =    -1.3235E-23    -2.9387E-39

      iter #   8 total cpu time : 14401.8 secs   av.it.:  16.4
      thresh= 1.692E-04 alpha_mix =  0.700 |ddv_scf|^2 =  1.712E-08

     End of self-consistent calculation

     Convergence has been achieved 

     Number of q in the star =    1
     List of q in the star:
          1   0.000000000   0.000000000   0.000000000

     Diagonalizing the dynamical matrix

     q = (    0.000000000   0.000000000   0.000000000 ) 

 **************************************************************************
     freq (    1) =     -49.653794 [THz] =   -1656.272299 [cm-1]
     freq (    2) =     -33.780742 [THz] =   -1126.804248 [cm-1]
     freq (    3) =     -12.172368 [THz] =    -406.026495 [cm-1]
     freq (    4) =      -9.969289 [THz] =    -332.539675 [cm-1]
     freq (    5) =      -9.105578 [THz] =    -303.729399 [cm-1]
     freq (    6) =      -7.828180 [THz] =    -261.119964 [cm-1]
     freq (    7) =      -7.622575 [THz] =    -254.261748 [cm-1]
     freq (    8) =      -6.474691 [THz] =    -215.972461 [cm-1]
     freq (    9) =      -5.925804 [THz] =    -197.663551 [cm-1]
     freq (   10) =      -5.521967 [THz] =    -184.192986 [cm-1]
     freq (   11) =      -4.803543 [THz] =    -160.228956 [cm-1]
     freq (   12) =      -3.651320 [THz] =    -121.794928 [cm-1]
     freq (   13) =      -2.531375 [THz] =     -84.437592 [cm-1]
     freq (   14) =      -1.094156 [THz] =     -36.497107 [cm-1]
     freq (   15) =       1.387359 [THz] =      46.277318 [cm-1]
     freq (   16) =       3.034238 [THz] =     101.211293 [cm-1]
     freq (   17) =       7.820332 [THz] =     260.858192 [cm-1]
     freq (   18) =       8.213531 [THz] =     273.973907 [cm-1]
     freq (   19) =       8.404219 [THz] =     280.334568 [cm-1]
     freq (   20) =      10.169266 [THz] =     339.210205 [cm-1]
     freq (   21) =      11.070025 [THz] =     369.256281 [cm-1]
     freq (   22) =      11.250323 [THz] =     375.270371 [cm-1]
     freq (   23) =      12.413495 [THz] =     414.069614 [cm-1]
     freq (   24) =      12.723741 [THz] =     424.418312 [cm-1]
     freq (   25) =      15.458915 [THz] =     515.653906 [cm-1]
     freq (   26) =      17.071116 [THz] =     569.431129 [cm-1]
     freq (   27) =      18.334451 [THz] =     611.571454 [cm-1]
     freq (   28) =      18.396212 [THz] =     613.631569 [cm-1]
     freq (   29) =      19.438970 [THz] =     648.414252 [cm-1]
     freq (   30) =      22.051399 [THz] =     735.555485 [cm-1]
     freq (   31) =      23.185371 [THz] =     773.380743 [cm-1]
     freq (   32) =      24.339307 [THz] =     811.871898 [cm-1]
     freq (   33) =      27.838044 [THz] =     928.577208 [cm-1]
     freq (   34) =      28.309564 [THz] =     944.305409 [cm-1]
     freq (   35) =      29.338372 [THz] =     978.622759 [cm-1]
     freq (   36) =      34.538102 [THz] =    1152.067077 [cm-1]
 **************************************************************************

     Mode symmetry, C_2h (2/m)  point group:

     freq (   1-   1) =      -1656.3  [cm-1]   --> A_u             I  
     freq (   2-   2) =      -1126.8  [cm-1]   --> B_g             R  
     freq (   3-   3) =       -406.0  [cm-1]   --> A_u             I  
     freq (   4-   4) =       -332.5  [cm-1]   --> A_g             R  
     freq (   5-   5) =       -303.7  [cm-1]   --> B_g             R  
     freq (   6-   6) =       -261.1  [cm-1]   --> A_g             R  
     freq (   7-   7) =       -254.3  [cm-1]   --> A_u             I  
     freq (   8-   8) =       -216.0  [cm-1]   --> B_u             I  
     freq (   9-   9) =       -197.7  [cm-1]   --> B_u             I  
     freq (  10-  10) =       -184.2  [cm-1]   --> B_g             R  
     freq (  11-  11) =       -160.2  [cm-1]   --> A_g             R  
     freq (  12-  12) =       -121.8  [cm-1]   --> A_g             R  
     freq (  13-  13) =        -84.4  [cm-1]   --> B_u             I  
     freq (  14-  14) =        -36.5  [cm-1]   --> B_u             I  
     freq (  15-  15) =         46.3  [cm-1]   --> A_g             R  
     freq (  16-  16) =        101.2  [cm-1]   --> B_u             I  
     freq (  17-  17) =        260.9  [cm-1]   --> B_g             R  
     freq (  18-  18) =        274.0  [cm-1]   --> A_u             I  
     freq (  19-  19) =        280.3  [cm-1]   --> B_u             I  
     freq (  20-  20) =        339.2  [cm-1]   --> A_u             I  
     freq (  21-  21) =        369.3  [cm-1]   --> B_g             R  
     freq (  22-  22) =        375.3  [cm-1]   --> A_g             R  
     freq (  23-  23) =        414.1  [cm-1]   --> A_g             R  
     freq (  24-  24) =        424.4  [cm-1]   --> B_u             I  
     freq (  25-  25) =        515.7  [cm-1]   --> B_u             I  
     freq (  26-  26) =        569.4  [cm-1]   --> B_g             R  
     freq (  27-  27) =        611.6  [cm-1]   --> A_g             R  
     freq (  28-  28) =        613.6  [cm-1]   --> B_u             I  
     freq (  29-  29) =        648.4  [cm-1]   --> B_u             I  
     freq (  30-  30) =        735.6  [cm-1]   --> A_g             R  
     freq (  31-  31) =        773.4  [cm-1]   --> A_g             R  
     freq (  32-  32) =        811.9  [cm-1]   --> B_u             I  
     freq (  33-  33) =        928.6  [cm-1]   --> A_g             R  
     freq (  34-  34) =        944.3  [cm-1]   --> A_u             I  
     freq (  35-  35) =        978.6  [cm-1]   --> B_g             R  
     freq (  36-  36) =       1152.1  [cm-1]   --> A_u             I  

     PHONON       :      3h58m CPU      4h 0m WALL

     INITIALIZATION: 
     phq_setup    :      0.21s CPU      0.27s WALL (       1 calls)
     phq_init     :    245.88s CPU    246.36s WALL (       1 calls)

     phq_init     :    245.88s CPU    246.36s WALL (       1 calls)
     set_drhoc    :      0.01s CPU      0.01s WALL (       3 calls)
     init_vloc    :      0.08s CPU      0.08s WALL (       1 calls)
     init_us_1    :      0.67s CPU      0.67s WALL (       1 calls)
     init_us_2    :     19.60s CPU     21.02s WALL (    7440 calls)
     newd         :      0.79s CPU      1.11s WALL (       1 calls)
     dvanqq       :     47.11s CPU     47.15s WALL (       1 calls)
     drho         :    190.03s CPU    190.19s WALL (       1 calls)
     drhous       :    117.58s CPU    117.73s WALL (       1 calls)
     nldyntot     :      7.52s CPU      7.52s WALL (       1 calls)

     DYNAMICAL MATRIX:
     dynmat0      :      7.96s CPU      8.18s WALL (       1 calls)
     dynmat_us    :      2.27s CPU      2.31s WALL (       1 calls)
     addusdynmat  :      0.00s CPU      0.00s WALL (       1 calls)
     d2ionq       :      0.51s CPU      0.51s WALL (       1 calls)
     dynmatcc     :      0.07s CPU      0.07s WALL (       1 calls)
     phqscf       :  14031.08s CPU  14152.54s WALL (       1 calls)
     dynmatrix    :      0.00s CPU      0.04s WALL (       1 calls)

     phqscf       :  14031.08s CPU  14152.54s WALL (       1 calls)
     solve_linter :  13949.75s CPU  14062.67s WALL (      36 calls)
     sth_kernel   :  11126.01s CPU  11175.29s WALL (     199 calls)
     h_prec       :      4.18s CPU      4.52s WALL (    4776 calls)
     apply_dpot_b :    260.74s CPU    265.85s WALL (    3912 calls)
     ortho        :     80.92s CPU     81.78s WALL (    4776 calls)
     cgsolve      :  10244.82s CPU  10272.76s WALL (    4776 calls)
     incdrhoscf   :    375.69s CPU    382.15s WALL (    4776 calls)
                                        0.00s GPU  (    4776 calls)
     addusddens   :    398.21s CPU    398.40s WALL (     235 calls)
     dv_of_drho   :      5.30s CPU      5.30s WALL (     199 calls)
     mix_pot      :      0.90s CPU     17.53s WALL (     199 calls)
     ef_shift     :      0.71s CPU      0.73s WALL (     199 calls)
     ef_shift_wfc :      0.32s CPU      2.01s WALL (      36 calls)
     localdos     :    112.32s CPU    112.90s WALL (      36 calls)
     drhodv       :     81.17s CPU     81.71s WALL (      36 calls)
     psymdvscf    :      3.03s CPU      3.06s WALL (     199 calls)
     newdq        :    321.17s CPU    321.23s WALL (     199 calls)
     adddvscf     :    131.30s CPU    131.43s WALL (    3912 calls)
     drhodvus     :      0.25s CPU      0.52s WALL (      36 calls)

     dvqpsi_us    :    184.68s CPU    186.00s WALL (     864 calls)
                                        0.00s GPU  (     864 calls)
     dvqpsi_us_on :    122.15s CPU    122.18s WALL (     864 calls)

     add_vuspsi   :    630.82s CPU    632.06s WALL (  191669 calls)
     addusdbec    :     42.56s CPU     42.65s WALL (    5640 calls)

     drhodvus     :      0.25s CPU      0.52s WALL (      36 calls)

      General routines
     calbec       :   1419.49s CPU   1424.19s WALL (  398314 calls)
     fft          :      8.83s CPU      9.06s WALL (    5372 calls)
     ffts         :     47.19s CPU     47.45s WALL (   52059 calls)
     fftw         :   6033.20s CPU   6062.13s WALL (11456106 calls)
     davcio       :     17.46s CPU     30.22s WALL (   27195 calls)
     write_rec    :      0.76s CPU     48.25s WALL (     235 calls)

      Additional routines
     ch_psi       :   9974.40s CPU  10001.38s WALL (  191669 calls)
     last         :   1757.63s CPU   1760.32s WALL (  191669 calls)
     Hesh         :     45.23s CPU     45.38s WALL (  191669 calls)
     ch_psi_all_k :   1711.49s CPU   1714.19s WALL (  191669 calls)
                                        0.00s GPU  (  191669 calls)
     ch_psi_calbe :    644.79s CPU    645.64s WALL (  191669 calls)
                                        0.00s GPU  (  191669 calls)
     h_psi_bgrp   :   7501.15s CPU   7524.22s WALL (  191669 calls)
     h_psi        :   7500.75s CPU   7523.85s WALL (  191669 calls)
     h_psi:pot    :   7468.68s CPU   7491.59s WALL (  191669 calls)
     h_psi:calbec :    681.04s CPU    682.94s WALL (  191669 calls)
     s_psi_bgrp   :   1327.98s CPU   1329.88s WALL (  388114 calls)
     s_psi        :   1267.10s CPU   1269.12s WALL (  388114 calls)


     PHONON       :      3h58m CPU      4h 0m WALL


   This run was terminated on:   5:59:26  11Nov2025            

=------------------------------------------------------------------------------=
   JOB DONE.
=------------------------------------------------------------------------------=

     Program Q2R v.7.3 starts on 11Nov2025 at  5:59:27 

     This program is part of the open-source Quantum ESPRESSO suite
     for quantum simulation of materials; please cite
         "P. Giannozzi et al., J. Phys.:Condens. Matter 21 395502 (2009);
         "P. Giannozzi et al., J. Phys.:Condens. Matter 29 465901 (2017);
         "P. Giannozzi et al., J. Chem. Phys. 152 154105 (2020);
          URL http://www.quantum-espresso.org", 
     in publications or presentations arising from this work. More details at
     http://www.quantum-espresso.org/quote

     Parallel version (MPI & OpenMP), running on       1 processor cores
     Number of MPI processes:                 1
     Threads/MPI process:                     1

     MPI processes distributed on     1 nodes
     47243 MiB available memory on the printing compute node when the environment starts


  reading grid info from file UOTe.dyn0    

  reading force constants from file UOTe.dyn1
  Dielectric Tensor not found
  nqs=            1
 q=   0.00000000  0.00000000  0.00000000

      q-space grid ok, #points =    1

      fft-check success (sum of imaginary terms < 10^-12)

     Q2R          :      0.01s CPU      0.04s WALL


   This run was terminated on:   5:59:27  11Nov2025            

=------------------------------------------------------------------------------=
   JOB DONE.
=------------------------------------------------------------------------------=

     Program MATDYN v.7.3 starts on 11Nov2025 at  5:59:28 

     This program is part of the open-source Quantum ESPRESSO suite
     for quantum simulation of materials; please cite
         "P. Giannozzi et al., J. Phys.:Condens. Matter 21 395502 (2009);
         "P. Giannozzi et al., J. Phys.:Condens. Matter 29 465901 (2017);
         "P. Giannozzi et al., J. Chem. Phys. 152 154105 (2020);
          URL http://www.quantum-espresso.org", 
     in publications or presentations arising from this work. More details at
     http://www.quantum-espresso.org/quote

     Parallel version (MPI & OpenMP), running on       1 processor cores
     Number of MPI processes:                 1
     Threads/MPI process:                     1

     MPI processes distributed on     1 nodes
     47241 MiB available memory on the printing compute node when the environment starts

 mass for atomic type   1 not given; uses mass from file UOTe.fc                                                                                                                                                                                                                                                         
 mass for atomic type   2 not given; uses mass from file UOTe.fc                                                                                                                                                                                                                                                         
 mass for atomic type   3 not given; uses mass from file UOTe.fc                                                                                                                                                                                                                                                         
 Norm of the difference between old and new effective charges:    0.00000000000000000000

 Norm of the difference between old and new force-constants:   2.18575851510120022780

     Message from routine matdyn:
     Z* not found in file UOTe.fc, TO-LO splitting at q=0 will be absent!
     Message from routine matdyn:
     Z* not found in file UOTe.fc, TO-LO splitting at q=0 will be absent!
     Message from routine matdyn:
     Z* not found in file UOTe.fc, TO-LO splitting at q=0 will be absent!
     Message from routine matdyn:
     Z* not found in file UOTe.fc, TO-LO splitting at q=0 will be absent!
     Message from routine matdyn:
     Z* not found in file UOTe.fc, TO-LO splitting at q=0 will be absent!
     Message from routine matdyn:
     Z* not found in file UOTe.fc, TO-LO splitting at q=0 will be absent!

     MATDYN       :      0.15s CPU      0.25s WALL


   This run was terminated on:   5:59:29  11Nov2025            

=------------------------------------------------------------------------------=
   JOB DONE.
=------------------------------------------------------------------------------=
>> /opt/amazon/openmpi5/bin/mpirun -np 1 /shared/courseSharedFolders/155251outer/155251/quantum_espresso/src/q-e/bin/ph.x -i ph.in
>> /shared/courseSharedFolders/155251outer/155251/quantum_espresso/src/q-e/bin/q2r.x -i q2r.in
>> /shared/courseSharedFolders/155251outer/155251/quantum_espresso/src/q-e/bin/matdyn.x -i matdyn.in
